2019-10-27 06:46:44,620 - pycligui - DEBUG - Start program
2019-10-27 06:46:44,671 - pycligui - DEBUG - Output: None
2019-10-27 06:46:49,257 - pycligui - DEBUG - Exit program
2019-10-27 06:46:50,893 - pycligui - DEBUG - Start program
2019-10-27 06:46:50,942 - pycligui - DEBUG - Output: None
2019-10-27 06:46:53,025 - pycligui - DEBUG - Exit program
2019-10-27 06:48:45,669 - pycligui - DEBUG - Start program
2019-10-27 06:48:45,721 - pycligui - DEBUG - Output: None
2019-10-27 06:48:52,376 - pycligui - DEBUG - Folder: C:/Users/Molnár Attila/Documents/GitHub/PyCLIcreator/kutya
2019-10-27 06:48:53,634 - pycligui - DEBUG - Exit program
2019-10-27 07:02:59,870 - pycligui - DEBUG - Start program
2019-10-27 07:02:59,921 - pycligui - DEBUG - Output: None
2019-10-27 07:03:07,897 - pycligui - DEBUG - Exit program
2019-10-27 07:04:14,401 - pycligui - DEBUG - Start program
2019-10-27 07:04:14,465 - pycligui - DEBUG - Output: None
2019-10-27 07:04:30,464 - pycligui - DEBUG - Exit program
2019-10-27 07:19:23,628 - pycligui - DEBUG - Folder: C:/Users/Molnár Attila/Documents/GitHub/PyCLIcreator/kutya
2019-10-27 07:22:02,751 - pycligui - DEBUG - Folder: C:/Users/Molnár Attila/Documents/GitHub/PyCLIcreator/kutya
2019-10-27 07:23:28,595 - pycligui - DEBUG - Folder: C:/Users/Molnár Attila/Documents/GitHub/PyCLIcreator/kutya
2019-10-27 07:29:07,442 - pycligui - DEBUG - Start program
2019-10-27 07:29:07,492 - pycligui - DEBUG - Output: None
2019-10-27 07:29:16,221 - pycligui - DEBUG - Template: C:/Users/Molnár Attila/Documents/GitHub/PyCLIcreator/kutya/uzuzuz_test.py
2019-10-27 07:29:34,386 - pycligui - DEBUG - Exit program
2019-10-27 07:32:19,533 - pycligui - DEBUG - Start program
2019-10-27 07:32:19,605 - pycligui - DEBUG - Output: None
2019-10-27 07:32:28,815 - pycligui - DEBUG - Notes template: C:/Users/Molnár Attila/Documents/GitHub/PyCLIcreator/kutya/uzuzuz_notes.txt
2019-10-27 07:32:33,112 - pycligui - DEBUG - Test template: C:/Users/Molnár Attila/Documents/GitHub/PyCLIcreator/kutya/uzuzuz_test.py
2019-10-27 07:32:36,959 - pycligui - DEBUG - Template: C:/Users/Molnár Attila/Documents/GitHub/PyCLIcreator/kutya/uzuzuz.py
2019-10-27 07:32:37,852 - pycligui - DEBUG - Exit program
