2019-10-27 06:22:19,209 - textformatter - DEBUG - Start program
2019-10-27 06:22:19,210 - textformatter - DEBUG - Exit program
2019-10-27 06:22:58,441 - textformatter - DEBUG - Start program
2019-10-27 06:22:58,441 - textformatter - DEBUG - Arvizturo tukorfurogep
2019-10-27 06:22:58,441 - textformatter - DEBUG - arvizturo_tukorfurogep
2019-10-27 06:22:58,441 - textformatter - DEBUG - Arvizturo_Tukorfurogep
2019-10-27 06:22:58,441 - textformatter - DEBUG - Exit program
2019-10-28 04:36:19,350 - textformatter - DEBUG - Start program
2019-10-28 04:36:19,351 - textformatter - DEBUG - Arvizturo_tukorfurogep
2019-10-28 04:36:19,357 - textformatter - DEBUG - Arvizturo_tukorfurogep
2019-10-28 04:36:19,357 - textformatter - DEBUG - Arvizturo_tukorfurogep
2019-10-28 04:36:19,357 - textformatter - DEBUG - Exit program
2019-10-28 04:37:25,272 - textformatter - DEBUG - Start program
2019-10-28 04:37:25,272 - textformatter - DEBUG - Arvizturo tukorfurogep
2019-10-28 04:37:25,273 - textformatter - DEBUG - arvizturo_tukorfurogep
2019-10-28 04:37:25,273 - textformatter - DEBUG - Arvizturo_Tukorfurogep
2019-10-28 04:37:25,273 - textformatter - DEBUG - Exit program
2019-10-28 05:03:22,981 - textformatter - DEBUG - Start program
2019-10-28 05:03:22,981 - textformatter - DEBUG - Arvizturo tukorfurogep
2019-10-28 05:03:22,981 - textformatter - DEBUG - arvizturo_tukorfurogep
2019-10-28 05:03:22,981 - textformatter - DEBUG - Arvizturo_Tukorfurogep
2019-10-28 05:03:22,981 - textformatter - DEBUG - Exit program
